<?xml version="1.0" encoding="UTF-8"?>
<!-- Generated by org.testng.reporters.JUnitReportReporter -->
<testsuite hostname="Shivani" failures="0" tests="1" name="selenium.AddingProductsIntoCart" time="27.924" errors="0" timestamp="2024-01-26T18:02:05 IST" skipped="0">
  <testcase classname="selenium.AddingProductsIntoCart" name="submitOrder" time="27.924"/>
  <system-out/>
</testsuite> <!-- selenium.AddingProductsIntoCart -->
