<?xml version="1.0" encoding="UTF-8"?>
<!-- Generated by org.testng.reporters.JUnitReportReporter -->
<testsuite hostname="Shivani" failures="0" tests="1" name="cucumber.TestNGTestRunner" time="4.319" errors="0" timestamp="2024-01-30T21:34:17 IST" skipped="0">
  <testcase classname="cucumber.TestNGTestRunner" name="runScenario" time="4.319"/>
  <system-out/>
</testsuite> <!-- cucumber.TestNGTestRunner -->
