<?xml version="1.0" encoding="UTF-8"?>
<!-- Generated by org.testng.reporters.JUnitReportReporter -->
<testsuite hostname="Shivani" failures="0" tests="2" name="selenium.ErrorValidations" time="32.656" errors="0" timestamp="2024-01-26T18:31:35 IST" skipped="0">
  <testcase classname="selenium.ErrorValidations" name="LoginErrorValidation" time="4.272"/>
  <system-out/>
  <testcase classname="selenium.ErrorValidations" name="productErrorValidation" time="28.384"/>
  <system-out/>
</testsuite> <!-- selenium.ErrorValidations -->
